<?xml version="1.0" encoding="utf-8"?><testsuites name="pytest tests"><testsuite name="pytest" errors="0" failures="0" skipped="0" tests="33" time="20.932" timestamp="2026-05-11T13:50:08.600784+00:00" hostname="agent-env-d071ffe8-ed29-4115-8b50-6fddccc4fb9d"><testcase classname="backend.tests.test_frutos_secos.TestAuth" name="test_register_valid" time="0.640" /><testcase classname="backend.tests.test_frutos_secos.TestAuth" name="test_register_duplicate" time="0.451" /><testcase classname="backend.tests.test_frutos_secos.TestAuth" name="test_login_admin" time="0.361" /><testcase classname="backend.tests.test_frutos_secos.TestAuth" name="test_login_invalid" time="0.360" /><testcase classname="backend.tests.test_frutos_secos.TestAuth" name="test_me_with_token" time="0.551" /><testcase classname="backend.tests.test_frutos_secos.TestAuth" name="test_me_no_token" time="0.073" /><testcase classname="backend.tests.test_frutos_secos.TestProductsPublic" name="test_list_products" time="0.085" /><testcase classname="backend.tests.test_frutos_secos.TestProductsPublic" name="test_featured_filter" time="0.098" /><testcase classname="backend.tests.test_frutos_secos.TestProductsPublic" name="test_get_almendras_by_slug" time="0.116" /><testcase classname="backend.tests.test_frutos_secos.TestProductsPublic" name="test_unknown_slug_404" time="0.134" /><testcase classname="backend.tests.test_frutos_secos.TestProductsAdmin" name="test_create_product_no_auth" time="0.095" /><testcase classname="backend.tests.test_frutos_secos.TestProductsAdmin" name="test_create_product_customer_forbidden" time="0.076" /><testcase classname="backend.tests.test_frutos_secos.TestProductsAdmin" name="test_crud_product" time="0.350" /><testcase classname="backend.tests.test_frutos_secos.TestOrdersAndPayment" name="test_create_order_mock" time="0.076" /><testcase classname="backend.tests.test_frutos_secos.TestOrdersAndPayment" name="test_get_order_by_ref" time="0.075" /><testcase classname="backend.tests.test_frutos_secos.TestOrdersAndPayment" name="test_get_order_unknown_404" time="0.070" /><testcase classname="backend.tests.test_frutos_secos.TestOrdersAndPayment" name="test_lead_auto_created" time="0.078" /><testcase classname="backend.tests.test_frutos_secos.TestOrdersAndPayment" name="test_mock_pay_promotes_lead" time="0.272" /><testcase classname="backend.tests.test_frutos_secos.TestWebhook" name="test_webhook_random_body" time="0.085" /><testcase classname="backend.tests.test_frutos_secos.TestWebhook" name="test_webhook_empty_body" time="0.220" /><testcase classname="backend.tests.test_frutos_secos.TestChat" name="test_chat_no_email" time="3.704" /><testcase classname="backend.tests.test_frutos_secos.TestChat" name="test_chat_context_followup" time="5.675" /><testcase classname="backend.tests.test_frutos_secos.TestChat" name="test_chat_with_email_creates_lead" time="2.467" /><testcase classname="backend.tests.test_frutos_secos.TestChat" name="test_chat_history" time="3.528" /><testcase classname="backend.tests.test_frutos_secos.TestAdminDashboard" name="test_dashboard_metrics" time="0.085" /><testcase classname="backend.tests.test_frutos_secos.TestAdminDashboard" name="test_admin_orders" time="0.103" /><testcase classname="backend.tests.test_frutos_secos.TestAdminDashboard" name="test_admin_leads" time="0.080" /><testcase classname="backend.tests.test_frutos_secos.TestAdminDashboard" name="test_admin_chat_sessions" time="0.079" /><testcase classname="backend.tests.test_frutos_secos.TestAdminDashboard" name="test_admin_no_token" time="0.077" /><testcase classname="backend.tests.test_frutos_secos.TestAdminDashboard" name="test_admin_customer_token_forbidden" time="0.071" /><testcase classname="backend.tests.test_frutos_secos.TestAdminDashboard" name="test_update_lead" time="0.168" /><testcase classname="backend.tests.test_frutos_secos.TestSeed" name="test_admin_unique" time="0.091" /><testcase classname="backend.tests.test_frutos_secos.TestSeed" name="test_products_seeded" time="0.071" /></testsuite></testsuites>