<?xml version="1.0" encoding="utf-8"?><testsuites name="pytest tests"><testsuite name="pytest" errors="0" failures="0" skipped="0" tests="30" time="10.419" timestamp="2026-05-11T14:45:19.446005+00:00" hostname="agent-env-d071ffe8-ed29-4115-8b50-6fddccc4fb9d"><testcase classname="backend.tests.test_frutos_secos.TestDifrumarketProducts" name="test_50_products_returned" time="0.690" /><testcase classname="backend.tests.test_frutos_secos.TestDifrumarketProducts" name="test_product_schema_new_model" time="0.087" /><testcase classname="backend.tests.test_frutos_secos.TestEnrichProduct" name="test_get_by_slug_returns_enriched" time="0.155" /><testcase classname="backend.tests.test_frutos_secos.TestEnrichProduct" name="test_price_calculation_when_no_supplier" time="0.084" /><testcase classname="backend.tests.test_frutos_secos.TestMarginSlider" name="test_patch_margin_recalculates_prices" time="0.512" /><testcase classname="backend.tests.test_frutos_secos.TestMarginSlider" name="test_margin_boundary_values" time="0.248" /><testcase classname="backend.tests.test_frutos_secos.TestMarginSlider" name="test_margin_negative_rejected" time="0.068" /><testcase classname="backend.tests.test_frutos_secos.TestMarginSlider" name="test_margin_over_100_rejected" time="0.066" /><testcase classname="backend.tests.test_frutos_secos.TestMarginSlider" name="test_margin_unauthenticated" time="0.063" /><testcase classname="backend.tests.test_frutos_secos.TestMarginSlider" name="test_margin_customer_forbidden" time="0.447" /><testcase classname="backend.tests.test_frutos_secos.TestMarginSlider" name="test_margin_persists_on_get" time="0.147" /><testcase classname="backend.tests.test_frutos_secos.TestMarginSlider" name="test_margin_404_unknown_product" time="0.147" /><testcase classname="backend.tests.test_frutos_secos.TestProductCRUDNewModel" name="test_create_new_model" time="0.256" /><testcase classname="backend.tests.test_frutos_secos.TestSupplierSync" name="test_sync_no_auth" time="0.072" /><testcase classname="backend.tests.test_frutos_secos.TestSupplierSync" name="test_sync_customer_forbidden" time="0.074" /><testcase classname="backend.tests.test_frutos_secos.TestSupplierSync" name="test_sync_admin_success" time="1.074" /><testcase classname="backend.tests.test_frutos_secos.TestSupplierSync" name="test_sync_status_admin" time="0.069" /><testcase classname="backend.tests.test_frutos_secos.TestSupplierSync" name="test_sync_status_no_auth" time="0.060" /><testcase classname="backend.tests.test_frutos_secos.TestCategories" name="test_categories_list" time="0.065" /><testcase classname="backend.tests.test_frutos_secos.TestCategories" name="test_filter_by_category" time="0.066" /><testcase classname="backend.tests.test_frutos_secos.TestAuthRegression" name="test_login_admin" time="0.361" /><testcase classname="backend.tests.test_frutos_secos.TestAuthRegression" name="test_login_invalid" time="0.350" /><testcase classname="backend.tests.test_frutos_secos.TestAuthRegression" name="test_me_no_token" time="0.064" /><testcase classname="backend.tests.test_frutos_secos.TestOrdersRegression" name="test_create_order_and_mock_pay" time="0.309" /><testcase classname="backend.tests.test_frutos_secos.TestOrdersRegression" name="test_webhook_ok" time="0.063" /><testcase classname="backend.tests.test_frutos_secos.TestChatDifrumarket" name="test_chat_mentions_real_products" time="4.005" /><testcase classname="backend.tests.test_frutos_secos.TestAdminRegression" name="test_dashboard" time="0.086" /><testcase classname="backend.tests.test_frutos_secos.TestAdminRegression" name="test_admin_orders" time="0.085" /><testcase classname="backend.tests.test_frutos_secos.TestAdminRegression" name="test_admin_chat_sessions" time="0.075" /><testcase classname="backend.tests.test_frutos_secos.TestAdminRegression" name="test_admin_no_token" time="0.067" /></testsuite></testsuites>